v ATLAS
# This file was created by ATLAS version 5.22.1.R on Mon Aug 11 20:21:38 2025.
#SSF 2.0 generic
##############################################################################
#                    Copyright (c) 1984 - 2015                               #
#                    Silvaco Inc. All rights reserved                        #
#                                                                            #
# This file format and the following Key are copyright Silvaco Inc.          #
# You may not use, this format or key without reproducing this message in    #
# full and obtaining express written permission from Silvaco Inc.            #
#                                                                            #
# To obtain such permission please contact: Silvaco Inc.                     #
#                                           support@silvaco.com              #
#                                                                            #
# KEY=SVC86hn7562asdx                       PROD=345                         #
##############################################################################
y 1 15
z 300
f 2 "cathode" "anode" 
p 6 2 601 20 3 602 21 
d 0.000000000e+000 0.000000000e+000 -4.934118884e-017 1.000000000e-001 1.000000000e-001 2.108887569e-018 
d 0.000000000e+000 0.000000000e+000 -3.391883517e-018 2.000000000e-001 2.000000000e-001 -1.441398461e-018 
d 0.000000000e+000 0.000000000e+000 3.291731995e-018 3.000000000e-001 3.000000000e-001 -3.738906135e-018 
d 0.000000000e+000 0.000000000e+000 2.456227363e-018 4.000000000e-001 4.000000000e-001 -4.156633310e-018 
d 0.000000000e+000 0.000000000e+000 -1.721114404e-018 5.000000000e-001 5.000000000e-001 1.691603614e-018 
d 0.000000000e+000 0.000000000e+000 -5.898449828e-018 6.000000000e-001 6.000000000e-001 3.051504307e-017 
d 0.000000000e+000 0.000000000e+000 -1.721161939e-018 7.000000000e-001 7.000000000e-001 1.109055709e-017 
d 0.000000000e+000 0.000000000e+000 -5.898490251e-018 8.000000000e-001 8.000000000e-001 3.051504998e-017 
d 0.000000000e+000 0.000000000e+000 -1.721197340e-018 9.000000000e-001 9.000000000e-001 -1.940379583e-017 
d 0.000000000e+000 0.000000000e+000 -5.898521978e-018 1.000000000e+000 1.000000000e+000 -1.940379242e-017 
d 0.000000000e+000 0.000000000e+000 -1.721226301e-018 1.100000000e+000 1.100000000e+000 -1.940378904e-017 
d 0.000000000e+000 0.000000000e+000 -5.898548806e-018 1.200000000e+000 1.200000000e+000 -1.940378567e-017 
d 0.000000000e+000 0.000000000e+000 -1.721251452e-018 1.300000000e+000 1.300000000e+000 -1.940378230e-017 
d 0.000000000e+000 0.000000000e+000 -5.898572618e-018 1.400000000e+000 1.400000000e+000 -1.940377895e-017 
d 0.000000000e+000 0.000000000e+000 -1.721274179e-018 1.500000000e+000 1.500000000e+000 -1.940377560e-017 
d 0.000000000e+000 0.000000000e+000 -5.898594455e-018 1.600000000e+000 1.600000000e+000 -1.940377226e-017 
d 0.000000000e+000 0.000000000e+000 -1.721295279e-018 1.700000000e+000 1.700000000e+000 1.631222781e-017 
d 0.000000000e+000 0.000000000e+000 -5.898614939e-018 1.800000000e+000 1.800000000e+000 -2.170128584e-017 
d 0.000000000e+000 0.000000000e+000 -1.721315245e-018 1.900000000e+000 1.900000000e+000 1.610336900e-017 
d 0.000000000e+000 0.000000000e+000 -5.898634466e-018 2.000000000e+000 2.000000000e+000 -2.232787560e-017 
