v ATLAS
# This file was created by ATLAS version 5.28.1.R on Tue Aug 19 20:50:48 2025.
#SSF 2.0 generic
##############################################################################
#                    Copyright (c) 1984 - 2019                               #
#                    Silvaco Inc. All rights reserved                        #
#                                                                            #
# This file format and the following Key are copyright Silvaco Inc.          #
# You may not use, this format or key without reproducing this message in    #
# full and obtaining express written permission from Silvaco Inc.            #
#                                                                            #
# To obtain such permission please contact: Silvaco Inc.                     #
#                                           support@silvaco.com              #
#                                                                            #
# KEY=SVC86hn7562asdx                       PROD=345                         #
##############################################################################
y 1 15
z 300
f 2 "cathode" "anode" 
p 17 91 4000 4010 4020 85 86 87 308 354 355 356 2 601 20 3 602 21 
d 1.000000000e+003 5.500000000e-001 4.436012980e-006 4.057527308e-006 4.057527308e-006 4.436012980e-006 5.500000000e-001 9.000000000e+001 0.000000000e+000 9.146788629e-001 8.532113710e-002 0.000000000e+000 0.000000000e+000 3.006154398e-006 0.000000000e+000 0.000000000e+000 -3.006154398e-006 
d 1.000000000e+003 5.500000000e-001 4.436012980e-006 4.057527308e-006 4.057527308e-006 4.436012980e-006 5.500000000e-001 9.000000000e+001 0.000000000e+000 9.146788629e-001 8.532113710e-002 0.000000000e+000 0.000000000e+000 3.007058852e-006 -5.000000000e-001 -5.000000000e-001 -3.007058852e-006 
d 1.000000000e+003 5.500000000e-001 4.436012980e-006 4.057527308e-006 4.057527308e-006 4.436012980e-006 5.500000000e-001 9.000000000e+001 0.000000000e+000 9.146788629e-001 8.532113710e-002 0.000000000e+000 0.000000000e+000 3.007888048e-006 -1.000000000e+000 -1.000000000e+000 -3.007888048e-006 
d 1.000000000e+003 5.500000000e-001 4.436012980e-006 4.057527308e-006 4.057527308e-006 4.436012980e-006 5.500000000e-001 9.000000000e+001 0.000000000e+000 9.146788629e-001 8.532113710e-002 0.000000000e+000 0.000000000e+000 3.008426876e-006 -1.500000000e+000 -1.500000000e+000 -3.008426876e-006 
d 1.000000000e+003 5.500000000e-001 4.436012980e-006 4.057527308e-006 4.057527308e-006 4.436012980e-006 5.500000000e-001 9.000000000e+001 0.000000000e+000 9.146788629e-001 8.532113710e-002 0.000000000e+000 0.000000000e+000 3.008919373e-006 -2.000000000e+000 -2.000000000e+000 -3.008919373e-006 
d 1.000000000e+003 5.500000000e-001 4.436012980e-006 4.057527308e-006 4.057527308e-006 4.436012980e-006 5.500000000e-001 9.000000000e+001 0.000000000e+000 9.146788629e-001 8.532113710e-002 0.000000000e+000 0.000000000e+000 3.009418208e-006 -2.500000000e+000 -2.500000000e+000 -3.009418208e-006 
d 1.000000000e+003 5.500000000e-001 4.436012980e-006 4.057527308e-006 4.057527308e-006 4.436012980e-006 5.500000000e-001 9.000000000e+001 0.000000000e+000 9.146788629e-001 8.532113710e-002 0.000000000e+000 0.000000000e+000 3.009932315e-006 -3.000000000e+000 -3.000000000e+000 -3.009932315e-006 
d 1.000000000e+003 5.500000000e-001 4.436012980e-006 4.057527308e-006 4.057527308e-006 4.436012980e-006 5.500000000e-001 9.000000000e+001 0.000000000e+000 9.146788629e-001 8.532113710e-002 0.000000000e+000 0.000000000e+000 3.010467405e-006 -3.500000000e+000 -3.500000000e+000 -3.010467405e-006 
d 1.000000000e+003 5.500000000e-001 4.436012980e-006 4.057527308e-006 4.057527308e-006 4.436012980e-006 5.500000000e-001 9.000000000e+001 0.000000000e+000 9.146788629e-001 8.532113710e-002 0.000000000e+000 0.000000000e+000 3.011029345e-006 -4.000000000e+000 -4.000000000e+000 -3.011029345e-006 
d 1.000000000e+003 5.500000000e-001 4.436012980e-006 4.057527308e-006 4.057527308e-006 4.436012980e-006 5.500000000e-001 9.000000000e+001 0.000000000e+000 9.146788629e-001 8.532113710e-002 0.000000000e+000 0.000000000e+000 3.011625483e-006 -4.500000000e+000 -4.500000000e+000 -3.011625483e-006 
d 1.000000000e+003 5.500000000e-001 4.436012980e-006 4.057527308e-006 4.057527308e-006 4.436012980e-006 5.500000000e-001 9.000000000e+001 0.000000000e+000 9.146788629e-001 8.532113710e-002 0.000000000e+000 0.000000000e+000 3.012266074e-006 -5.000000000e+000 -5.000000000e+000 -3.012266074e-006 
d 1.000000000e+003 5.500000000e-001 4.436012980e-006 4.057527308e-006 4.057527308e-006 4.436012980e-006 5.500000000e-001 9.000000000e+001 0.000000000e+000 9.146788629e-001 8.532113710e-002 0.000000000e+000 0.000000000e+000 3.012966748e-006 -5.500000000e+000 -5.500000000e+000 -3.012966748e-006 
d 1.000000000e+003 5.500000000e-001 4.436012980e-006 4.057527308e-006 4.057527308e-006 4.436012980e-006 5.500000000e-001 9.000000000e+001 0.000000000e+000 9.146788629e-001 8.532113710e-002 0.000000000e+000 0.000000000e+000 3.013753869e-006 -6.000000000e+000 -6.000000000e+000 -3.013753870e-006 
d 1.000000000e+003 5.500000000e-001 4.436012980e-006 4.057527308e-006 4.057527308e-006 4.436012980e-006 5.500000000e-001 9.000000000e+001 0.000000000e+000 9.146788629e-001 8.532113710e-002 0.000000000e+000 0.000000000e+000 3.014678677e-006 -6.500000000e+000 -6.500000000e+000 -3.014678677e-006 
d 1.000000000e+003 5.500000000e-001 4.436012980e-006 4.057527308e-006 4.057527308e-006 4.436012980e-006 5.500000000e-001 9.000000000e+001 0.000000000e+000 9.146788629e-001 8.532113710e-002 0.000000000e+000 0.000000000e+000 3.015866791e-006 -7.000000000e+000 -7.000000000e+000 -3.015866791e-006 
d 1.000000000e+003 5.500000000e-001 4.436012980e-006 4.057527308e-006 4.057527308e-006 4.436012980e-006 5.500000000e-001 9.000000000e+001 0.000000000e+000 9.146788629e-001 8.532113710e-002 0.000000000e+000 0.000000000e+000 3.017751279e-006 -7.500000000e+000 -7.500000000e+000 -3.017751279e-006 
d 1.000000000e+003 5.500000000e-001 4.436012980e-006 4.057527308e-006 4.057527308e-006 4.436012980e-006 5.500000000e-001 9.000000000e+001 0.000000000e+000 9.146788629e-001 8.532113710e-002 0.000000000e+000 0.000000000e+000 3.019769827e-006 -8.000000000e+000 -8.000000000e+000 -3.019769827e-006 
d 1.000000000e+003 5.500000000e-001 4.436012980e-006 4.057527308e-006 4.057527308e-006 4.436012980e-006 5.500000000e-001 9.000000000e+001 0.000000000e+000 9.146788629e-001 8.532113710e-002 0.000000000e+000 0.000000000e+000 3.020622994e-006 -8.500000000e+000 -8.500000000e+000 -3.020622994e-006 
d 1.000000000e+003 5.500000000e-001 4.436012980e-006 4.057527308e-006 4.057527308e-006 4.436012980e-006 5.500000000e-001 9.000000000e+001 0.000000000e+000 9.146788629e-001 8.532113710e-002 0.000000000e+000 0.000000000e+000 3.021134047e-006 -9.000000000e+000 -9.000000000e+000 -3.021134047e-006 
d 1.000000000e+003 5.500000000e-001 4.436012980e-006 4.057527308e-006 4.057527308e-006 4.436012980e-006 5.500000000e-001 9.000000000e+001 0.000000000e+000 9.146788629e-001 8.532113710e-002 0.000000000e+000 0.000000000e+000 3.021520031e-006 -9.500000000e+000 -9.500000000e+000 -3.021520031e-006 
d 1.000000000e+003 5.500000000e-001 4.436012980e-006 4.057527308e-006 4.057527308e-006 4.436012980e-006 5.500000000e-001 9.000000000e+001 0.000000000e+000 9.146788629e-001 8.532113710e-002 0.000000000e+000 0.000000000e+000 3.021847045e-006 -1.000000000e+001 -1.000000000e+001 -3.021847045e-006 
